<?xml version="1.0" encoding="utf-8"?><testsuites name="pytest tests"><testsuite name="pytest" errors="0" failures="0" skipped="0" tests="15" time="1.996" timestamp="2026-03-28T21:28:24.460239+00:00" hostname="agent-env-db24e0b6-f64f-4dbe-a2b1-8ad13f6b69a2"><testcase classname="tests.test_google_oauth_jwt.TestGoogleOAuthRedirect" name="test_google_auth_returns_302_redirect" time="0.214" /><testcase classname="tests.test_google_oauth_jwt.TestGoogleOAuthRedirect" name="test_google_auth_redirects_to_accounts_google" time="0.132" /><testcase classname="tests.test_google_oauth_jwt.TestGoogleOAuthRedirect" name="test_google_auth_has_correct_client_id" time="0.124" /><testcase classname="tests.test_google_oauth_jwt.TestGoogleOAuthRedirect" name="test_google_auth_has_https_redirect_uri" time="0.138" /><testcase classname="tests.test_google_oauth_jwt.TestJWTAuthentication" name="test_auth_me_returns_401_without_token" time="0.108" /><testcase classname="tests.test_google_oauth_jwt.TestJWTAuthentication" name="test_auth_me_returns_401_with_invalid_token" time="0.125" /><testcase classname="tests.test_google_oauth_jwt.TestJWTAuthentication" name="test_auth_me_returns_user_with_valid_test_jwt" time="0.140" /><testcase classname="tests.test_google_oauth_jwt.TestJWTAuthentication" name="test_auth_me_returns_admin_with_valid_admin_jwt" time="0.116" /><testcase classname="tests.test_google_oauth_jwt.TestLogoutEndpoint" name="test_logout_returns_success" time="0.123" /><testcase classname="tests.test_google_oauth_jwt.TestAdminEndpoints" name="test_admin_stats_requires_auth" time="0.142" /><testcase classname="tests.test_google_oauth_jwt.TestAdminEndpoints" name="test_admin_stats_requires_admin_role" time="0.115" /><testcase classname="tests.test_google_oauth_jwt.TestAdminEndpoints" name="test_admin_stats_works_for_admin" time="0.121" /><testcase classname="tests.test_google_oauth_jwt.TestPublicEndpoints" name="test_api_accessible" time="0.103" /><testcase classname="tests.test_google_oauth_jwt.TestPublicEndpoints" name="test_get_posters_public" time="0.118" /><testcase classname="tests.test_google_oauth_jwt.TestPublicEndpoints" name="test_get_journal_articles_public" time="0.110" /></testsuite></testsuites>