<?xml version="1.0" encoding="utf-8"?><testsuites name="pytest tests"><testsuite name="pytest" errors="0" failures="0" skipped="0" tests="12" time="1.632" timestamp="2026-03-28T21:12:55.300668+00:00" hostname="agent-env-db24e0b6-f64f-4dbe-a2b1-8ad13f6b69a2"><testcase classname="tests.test_auth_api.TestHealthCheck" name="test_api_accessible" time="0.174" /><testcase classname="tests.test_auth_api.TestAuthEndpoints" name="test_auth_me_without_session" time="0.111" /><testcase classname="tests.test_auth_api.TestAuthEndpoints" name="test_auth_me_with_invalid_token" time="0.108" /><testcase classname="tests.test_auth_api.TestAuthEndpoints" name="test_auth_me_with_valid_admin_session" time="0.111" /><testcase classname="tests.test_auth_api.TestAuthEndpoints" name="test_auth_me_with_valid_regular_session" time="0.118" /><testcase classname="tests.test_auth_api.TestAuthEndpoints" name="test_auth_session_without_session_id" time="0.111" /><testcase classname="tests.test_auth_api.TestAuthEndpoints" name="test_auth_session_with_invalid_session_id" time="0.225" /><testcase classname="tests.test_auth_api.TestAuthEndpoints" name="test_auth_signout_endpoint" time="0.117" /><testcase classname="tests.test_auth_api.TestAdminEndpoints" name="test_admin_posters_pending_without_auth" time="0.133" /><testcase classname="tests.test_auth_api.TestAdminEndpoints" name="test_admin_posters_pending_requires_jwt" time="0.132" /><testcase classname="tests.test_auth_api.TestPublicEndpoints" name="test_get_posters_public" time="0.123" /><testcase classname="tests.test_auth_api.TestPublicEndpoints" name="test_get_journal_articles_public" time="0.109" /></testsuite></testsuites>